<?xml version="1.0" encoding="UTF-8"?>
<!-- Generated by org.testng.reporters.JUnitReportReporter -->
<testsuite hostname="admin-1" failures="0" tests="1" name="com.bridgelabz.fb.testcase.LoginPageTest" time="14.457" errors="0" timestamp="25 Jan 2020 13:11:15 GMT" skipped="0">
  <testcase classname="com.bridgelabz.fb.testcase.LoginPageTest" name="loginTest" time="14.457"/>
</testsuite> <!-- com.bridgelabz.fb.testcase.LoginPageTest -->
