<?xml version="1.0" encoding="UTF-8"?>
<!-- Generated by org.testng.reporters.JUnitReportReporter -->
<testsuite hostname="admin-1" failures="0" tests="1" name="com.bridgelabz.fb.testcase.HomePageTest" time="50.149" errors="0" timestamp="25 Jan 2020 11:04:48 GMT" skipped="0">
  <testcase classname="com.bridgelabz.fb.testcase.HomePageTest" name="uploadPhotoTest" time="50.149"/>
</testsuite> <!-- com.bridgelabz.fb.testcase.HomePageTest -->
