<?xml version="1.0" encoding="UTF-8"?>
<!-- Generated by org.testng.reporters.JUnitReportReporter -->
<testsuite hostname="admin-1" failures="0" tests="1" name="com.bridgelabz.fb.testcase.LoginPageTest" time="18.862" errors="0" timestamp="27 Jan 2020 09:30:41 GMT" skipped="0">
  <testcase classname="com.bridgelabz.fb.testcase.LoginPageTest" name="loginTest" time="18.862"/>
</testsuite> <!-- com.bridgelabz.fb.testcase.LoginPageTest -->
