<?xml version="1.0" encoding="UTF-8"?>
<!-- Generated by org.testng.reporters.JUnitReportReporter -->
<testsuite hostname="admin-1" failures="0" tests="3" name="com.bridgelabz.fb.testcase.LoginPageTest" time="67.192" errors="0" timestamp="27 Jan 2020 07:29:46 GMT" skipped="0">
  <testcase classname="com.bridgelabz.fb.testcase.LoginPageTest" name="loginTest" time="15.699"/>
  <testcase classname="com.bridgelabz.fb.testcase.LoginPageTest" name="loginTest" time="34.589"/>
  <testcase classname="com.bridgelabz.fb.testcase.LoginPageTest" name="loginTest" time="16.904"/>
</testsuite> <!-- com.bridgelabz.fb.testcase.LoginPageTest -->
