<?xml version="1.0" encoding="UTF-8"?>
<!-- Generated by org.testng.reporters.JUnitReportReporter -->
<testsuite hostname="admin-1" failures="0" tests="1" name="com.bridgelabz.fb.testcase.LoginPageTest" time="22.243" errors="0" timestamp="27 Jan 2020 08:56:48 GMT" skipped="0">
  <testcase classname="com.bridgelabz.fb.testcase.LoginPageTest" name="loginTest" time="22.243"/>
</testsuite> <!-- com.bridgelabz.fb.testcase.LoginPageTest -->
