<?xml version="1.0" encoding="UTF-8"?>
<!-- Generated by org.testng.reporters.JUnitReportReporter -->
<testsuite hostname="admin-1" failures="0" tests="1" name="com.bridgelabz.fb.testcase.LoginPageTest" time="16.649" errors="0" timestamp="2020-01-27T16:28:16 IST" skipped="0">
  <testcase classname="com.bridgelabz.fb.testcase.LoginPageTest" name="loginTest" time="16.649"/>
</testsuite> <!-- com.bridgelabz.fb.testcase.LoginPageTest -->
